# JRE version: Java(TM) SE Runtime Environment (8.0_181-b13) (build 1.8.0_181-b13)
# Java VM: Java HotSpot(TM) Client VM (25.181-b13 mixed mode windows-x86 )
Heap:
 def new generation   total 19776K, used 2175K [0x04800000, 0x05d70000, 0x19d50000)
  eden space 17600K,   0% used [0x04800000, 0x04800000, 0x05930000)
  from space 2176K,  99% used [0x05b50000, 0x05d6fff8, 0x05d70000)
  to   space 2176K,   0% used [0x05930000, 0x05930000, 0x05b50000)
 tenured generation   total 46124K, used 46034K [0x19d50000, 0x1ca5b000, 0x44800000)
   the space 46124K,  99% used [0x19d50000, 0x1ca449a8, 0x1ca44a00, 0x1ca5b000)
 Metaspace       used 3718K, capacity 3726K, committed 3776K, reserved 4480K
GC Heap History (10 events):
Event: 3.161 GC heap after
Heap after GC invocations=30 (full 3):
 def new generation   total 17664K, used 1920K [0x04800000, 0x05b20000, 0x19d50000)
  eden space 15744K,   0% used [0x04800000, 0x04800000, 0x05760000)
  from space 1920K, 100% used [0x05940000, 0x05b20000, 0x05b20000)
  to   space 1920K,   0% used [0x05760000, 0x05760000, 0x05940000)
 tenured generation   total 39084K, used 36818K [0x19d50000, 0x1c37b000, 0x44800000)
   the space 39084K,  94% used [0x19d50000, 0x1c144a40, 0x1c144c00, 0x1c37b000)
 Metaspace       used 3626K, capacity 3662K, committed 3776K, reserved 4480K
}
Event: 3.227 GC heap before
{Heap before GC invocations=30 (full 3):
 def new generation   total 17664K, used 17664K [0x04800000, 0x05b20000, 0x19d50000)
  eden space 15744K, 100% used [0x04800000, 0x05760000, 0x05760000)
  from space 1920K, 100% used [0x05940000, 0x05b20000, 0x05b20000)
  to   space 1920K,   0% used [0x05760000, 0x05760000, 0x05940000)
 tenured generation   total 39084K, used 36818K [0x19d50000, 0x1c37b000, 0x44800000)
   the space 39084K,  94% used [0x19d50000, 0x1c144a40, 0x1c144c00, 0x1c37b000)
 Metaspace       used 3626K, capacity 3662K, committed 3776K, reserved 4480K
Event: 3.247 GC heap after
Heap after GC invocations=31 (full 3):
 def new generation   total 17664K, used 1920K [0x04800000, 0x05b20000, 0x19d50000)
  eden space 15744K,   0% used [0x04800000, 0x04800000, 0x05760000)
  from space 1920K, 100% used [0x05760000, 0x05940000, 0x05940000)
  to   space 1920K,   0% used [0x05940000, 0x05940000, 0x05b20000)
 tenured generation   total 39084K, used 39028K [0x19d50000, 0x1c37b000, 0x44800000)
   the space 39084K,  99% used [0x19d50000, 0x1c36d2a8, 0x1c36d400, 0x1c37b000)
 Metaspace       used 3626K, capacity 3662K, committed 3776K, reserved 4480K
}
Event: 3.329 GC heap before
{Heap before GC invocations=31 (full 3):
 def new generation   total 17664K, used 17664K [0x04800000, 0x05b20000, 0x19d50000)
  eden space 15744K, 100% used [0x04800000, 0x05760000, 0x05760000)
  from space 1920K, 100% used [0x05760000, 0x05940000, 0x05940000)
  to   space 1920K,   0% used [0x05940000, 0x05940000, 0x05b20000)
 tenured generation   total 39084K, used 39028K [0x19d50000, 0x1c37b000, 0x44800000)
   the space 39084K,  99% used [0x19d50000, 0x1c36d2a8, 0x1c36d400, 0x1c37b000)
 Metaspace       used 3626K, capacity 3662K, committed 3776K, reserved 4480K
Event: 3.556 GC heap after
Heap after GC invocations=32 (full 4):
 def new generation   total 18752K, used 0K [0x04800000, 0x05c50000, 0x19d50000)
  eden space 16704K,   0% used [0x04800000, 0x04800000, 0x05850000)
  from space 2048K,   0% used [0x05850000, 0x05850000, 0x05a50000)
  to   space 2048K,   0% used [0x05a50000, 0x05a50000, 0x05c50000)
 tenured generation   total 41516K, used 41097K [0x19d50000, 0x1c5db000, 0x44800000)
   the space 41516K,  98% used [0x19d50000, 0x1c572720, 0x1c572800, 0x1c5db000)
 Metaspace       used 3626K, capacity 3662K, committed 3776K, reserved 4480K
}
Event: 3.617 GC heap before
{Heap before GC invocations=32 (full 4):
 def new generation   total 18752K, used 16704K [0x04800000, 0x05c50000, 0x19d50000)
  eden space 16704K, 100% used [0x04800000, 0x05850000, 0x05850000)
  from space 2048K,   0% used [0x05850000, 0x05850000, 0x05a50000)
  to   space 2048K,   0% used [0x05a50000, 0x05a50000, 0x05c50000)
 tenured generation   total 41516K, used 41097K [0x19d50000, 0x1c5db000, 0x44800000)
   the space 41516K,  98% used [0x19d50000, 0x1c572720, 0x1c572800, 0x1c5db000)
 Metaspace       used 3626K, capacity 3662K, committed 3776K, reserved 4480K
Event: 3.802 GC heap after
Heap after GC invocations=33 (full 5):
 def new generation   total 18944K, used 1707K [0x04800000, 0x05c80000, 0x19d50000)
  eden space 16896K,  10% used [0x04800000, 0x049aaea8, 0x05880000)
  from space 2048K,   0% used [0x05880000, 0x05880000, 0x05a80000)
  to   space 2048K,   0% used [0x05a80000, 0x05a80000, 0x05c80000)
 tenured generation   total 41900K, used 41899K [0x19d50000, 0x1c63b000, 0x44800000)
   the space 41900K,  99% used [0x19d50000, 0x1c63aca8, 0x1c63ae00, 0x1c63b000)
 Metaspace       used 3626K, capacity 3662K, committed 3776K, reserved 4480K
}
Event: 3.842 GC heap before
{Heap before GC invocations=33 (full 5):
 def new generation   total 18944K, used 16896K [0x04800000, 0x05c80000, 0x19d50000)
  eden space 16896K, 100% used [0x04800000, 0x05880000, 0x05880000)
  from space 2048K,   0% used [0x05880000, 0x05880000, 0x05a80000)
  to   space 2048K,   0% used [0x05a80000, 0x05a80000, 0x05c80000)
 tenured generation   total 41900K, used 41899K [0x19d50000, 0x1c63b000, 0x44800000)
   the space 41900K,  99% used [0x19d50000, 0x1c63aca8, 0x1c63ae00, 0x1c63b000)
 Metaspace       used 3629K, capacity 3662K, committed 3776K, reserved 4480K
Event: 4.074 GC heap after
Heap after GC invocations=34 (full 6):
 def new generation   total 19776K, used 1922K [0x04800000, 0x05d70000, 0x19d50000)
  eden space 17600K,  10% used [0x04800000, 0x049e09b0, 0x05930000)
  from space 2176K,   0% used [0x05930000, 0x05930000, 0x05b50000)
  to   space 2176K,   0% used [0x05b50000, 0x05b50000, 0x05d70000)
 tenured generation   total 43820K, used 43813K [0x19d50000, 0x1c81b000, 0x44800000)
   the space 43820K,  99% used [0x19d50000, 0x1c819660, 0x1c819800, 0x1c81b000)
 Metaspace       used 3629K, capacity 3662K, committed 3776K, reserved 4480K
}
Event: 4.467 GC heap before
{Heap before GC invocations=34 (full 6):
 def new generation   total 19776K, used 17597K [0x04800000, 0x05d70000, 0x19d50000)
  eden space 17600K,  99% used [0x04800000, 0x0592f570, 0x05930000)
  from space 2176K,   0% used [0x05930000, 0x05930000, 0x05b50000)
  to   space 2176K,   0% used [0x05b50000, 0x05b50000, 0x05d70000)
 tenured generation   total 43820K, used 43813K [0x19d50000, 0x1c81b000, 0x44800000)
   the space 43820K,  99% used [0x19d50000, 0x1c819660, 0x1c819800, 0x1c81b000)
 Metaspace       used 3718K, capacity 3726K, committed 3776K, reserved 4480K

